<?xml version="1.0" encoding="UTF-8"?>
<!-- Generated by org.testng.reporters.JUnitXMLReporter -->
<testsuite hostname="Admin-PC" ignored="0" name="DataProviderTest" tests="3" failures="0" timestamp="18 Feb 2018 13:38:02 GMT" time="0.035" errors="0">
  <testcase name="test" time="0.0" classname="testNG.DataProviderTest"/>
  <testcase name="test" time="0.005" classname="testNG.DataProviderTest"/>
  <testcase name="test" time="0.0" classname="testNG.DataProviderTest"/>
</testsuite> <!-- DataProviderTest -->
