<?xml version="1.0" encoding="UTF-8"?>
<!-- Generated by org.testng.reporters.JUnitXMLReporter -->
<testsuite hostname="Admin-PC" ignored="1" name="EnableAndDisableTest" tests="1" failures="0" timestamp="18 Feb 2018 13:38:02 GMT" time="0.037" errors="0">
  <testcase name="login" time="0.0" classname="testNG.EnableAndDisableTest"/>
  <testcase name="search" time="0.0" classname="testNG.EnableAndDisableTest">
    <ignored/>
  </testcase> <!-- search -->
</testsuite> <!-- EnableAndDisableTest -->
