<?xml version="1.0" encoding="UTF-8"?>
<!-- Generated by org.testng.reporters.JUnitXMLReporter -->
<testsuite hostname="Admin-PC" ignored="1" name="GropusTest" tests="3" failures="0" timestamp="18 Feb 2018 13:38:02 GMT" time="0.025" errors="0">
  <testcase name="test1" time="0.0" classname="testNG.GroupsTest"/>
  <testcase name="test2" time="0.005" classname="testNG.GroupsTest"/>
  <testcase name="test3" time="0.005" classname="testNG.GroupsTest"/>
  <testcase name="test4" time="0.0" classname="testNG.GroupsTest">
    <ignored/>
  </testcase> <!-- test4 -->
</testsuite> <!-- GropusTest -->
